#0 building with "desktop-linux" instance using docker driver

#1 [internal] load build definition from Dockerfile
#1 transferring dockerfile: 7.53kB 0.0s done
#1 DONE 0.1s

#2 [internal] load metadata for docker.io/library/node:18-bookworm-slim
#2 DONE 1.5s

#3 [internal] load .dockerignore
#3 transferring context: 1.39kB 0.0s done
#3 DONE 0.1s

#4 [internal] load build context
#4 DONE 0.0s

#5 [base 1/4] FROM docker.io/library/node:18-bookworm-slim@sha256:f9ab18e354e6855ae56ef2b290dd225c1e51a564f87584b9bd21dd651838830e
#5 resolve docker.io/library/node:18-bookworm-slim@sha256:f9ab18e354e6855ae56ef2b290dd225c1e51a564f87584b9bd21dd651838830e 0.1s done
#5 CACHED

#4 [internal] load build context
#4 transferring context: 10.94MB 4.8s
#4 ...

#6 [base 2/4] RUN npm install -g npm@latest
#6 10.44 npm error code EBADENGINE
#6 10.44 npm error engine Unsupported engine
#6 10.44 npm error engine Not compatible with your version of node/npm: npm@11.10.1
#6 10.44 npm error notsup Not compatible with your version of node/npm: npm@11.10.1
#6 10.44 npm error notsup Required: {"node":"^20.17.0 || >=22.9.0"}
#6 10.44 npm error notsup Actual:   {"npm":"10.8.2","node":"v18.20.8"}
#6 10.48 npm error A complete log of this run can be found in: /root/.npm/_logs/2026-02-21T21_46_06_154Z-debug-0.log
#6 ...

#4 [internal] load build context
#4 transferring context: 12.42MB 11.1s
#4 ...

#6 [base 2/4] RUN npm install -g npm@latest
#6 ERROR: process "/bin/sh -c npm install -g npm@latest" did not complete successfully: exit code: 1

#4 [internal] load build context
#4 transferring context: 12.55MB 16.0s done
#4 CANCELED
------
 > [base 2/4] RUN npm install -g npm@latest:
10.44 npm error code EBADENGINE
10.44 npm error engine Unsupported engine
10.44 npm error engine Not compatible with your version of node/npm: npm@11.10.1
10.44 npm error notsup Not compatible with your version of node/npm: npm@11.10.1
10.44 npm error notsup Required: {"node":"^20.17.0 || >=22.9.0"}
10.44 npm error notsup Actual:   {"npm":"10.8.2","node":"v18.20.8"}
10.48 npm error A complete log of this run can be found in: /root/.npm/_logs/2026-02-21T21_46_06_154Z-debug-0.log
------
Dockerfile:17
--------------------
  15 |     
  16 |     # Install NPM (available by default in node image, but we ensure it's up to date)
  17 | >>> RUN npm install -g npm@latest
  18 |     
  19 |     # Install system dependencies with robust error handling
--------------------
ERROR: failed to build: failed to solve: process "/bin/sh -c npm install -g npm@latest" did not complete successfully: exit code: 1

View build details: docker-desktop://dashboard/build/desktop-linux/desktop-linux/0zf5bw0es4pelgyapqyzh2gnj
