  ▲ Next.js 14.2.28
  - Local:        http://localhost:3000
  - Environments: .env
  - Experiments (use with caution):
    · outputFileTracingRoot

 ✓ Starting...
 ✓ Ready in 1394ms
 ✓ Compiled /middleware in 199ms (174 modules)
 ○ Compiling / ...
 ✓ Compiled / in 1508ms (792 modules)
[next-auth][warn][DEBUG_ENABLED] 
https://next-auth.js.org/warnings#debug_enabled
 HEAD / 307 in 1944ms
 ✓ Compiled in 501ms (282 modules)
 GET / 307 in 48ms
 ✓ Compiled /auth/login in 419ms (849 modules)
 GET /auth/login 200 in 545ms
 ✓ Compiled /api/auth/[...nextauth] in 141ms (550 modules)
[next-auth][warn][DEBUG_ENABLED] 
https://next-auth.js.org/warnings#debug_enabled
 GET /api/auth/session 200 in 560ms
 GET /api/auth/session 200 in 25ms
 GET /auth/login 200 in 63ms
 GET /api/auth/session 200 in 33ms
 GET /api/auth/session 200 in 19ms
 GET /api/auth/session 200 in 20ms
 POST /api/auth/callback/credentials 302 in 26ms
[?25h
